C51 COMPILER V9.00   PWM                                                                   08/23/2018 10:55:38 PAGE 1   


C51 COMPILER V9.00, COMPILATION OF MODULE PWM
OBJECT MODULE PLACED IN .\Objects\PWM.obj
COMPILER INVOKED BY: C:\ProgramFiles2\Keil_v5\C51\BIN\C51.EXE source\PWM.c LARGE OPTIMIZE(8,SPEED) BROWSE INCDIR(.\inclu
                    -de) DEBUG OBJECTEXTEND PRINT(.\Listings\PWM.lst) OBJECT(.\Objects\PWM.obj)

line level    source

   1          #include "app_main.h"
   2          
   3          //宏定义macro definition//
   4          
   5          //类型定义byte definition//
   6          
   7          //变量定义variable definition//
   8          
   9          //标志未定义flags definetion//
  10          
  11          //函数声明Function declaration//
  12          
  13          //函数定义function definetion//
  14          /*******************************************************************
  15          函数原型：
  16          输入参数：
  17          输出参数：
  18          函数功能：开启PWM
  19          *******************************************************************/
  20          void PWM_Open()//开启PWM
  21          {
  22   1              T4PCR2 |= 0x08; //允许输出PWM
  23   1      }
  24          
  25          /*******************************************************************
  26          函数原型：
  27          输入参数：
  28          输出参数：
  29          函数功能：关闭PWM
  30          *******************************************************************/
  31          void PWM_Shutdown()
  32          {
  33   1              T4PCR2 &= ~0x08; //禁止输出PWM
  34   1      }
  35          
  36          /*******************************************************************
  37          函数原型：
  38          输入参数：
  39          输出参数：
  40          函数功能：PWM占空比改变,因为是高电平启动(禁止时低电平，要这个低电平)，所以占空比要反着
  41          *******************************************************************/
  42          //void PWM_DutyCycle_Change()
  43          //{
  44          //      //L:2B,H:01 duty:30%
  45          //      //L:C1,H:01 duty:45%
  46          //      //L:57,H:02 dyty:60%
  47          //      T4ADRL = PWM_REVERSE - 0x57;    // duty Low   占空比：
  48          //      T4ADRH = PWM_REVERSE - 0x02;    // duty High
  49          //      MOTOR(1);
  50          //}
  51          
  52          void PWM_DutyCycle_Change()
  53          {
  54   1              if ((AtomizationMode1 == ATOMIZATION_OFF) || (Flas_Anhydrous))
C51 COMPILER V9.00   PWM                                                                   08/23/2018 10:55:38 PAGE 2   

  55   1              {
  56   2                      AtomizationMode1 = ATOMIZATION_OFF;
  57   2                      T4ADRL = PWM_REVERSE - 0x00;// duty Low   占空比：0%
  58   2                      T4ADRH = PWM_REVERSE - 0x00;// duty High
  59   2                      T4PCR2 &= ~0x08;                        //禁止输出PWM
  60   2                      return;
  61   2              }
  62   1              else if (AtomizationMode1 == ATOMIZATION_THREE) //一档是最小档位
  63   1              {
  64   2                      T4ADRL = PWM_REVERSE - 0xFF;// duty Low   占空比：100%
  65   2                      T4ADRH = PWM_REVERSE - 0xFF;// duty High
  66   2              }
  67   1              else if (AtomizationMode1 == ATOMIZATION_TWO)
  68   1              {
  69   2                      T4ADRL = PWM_REVERSE - 0xED;// duty Low   占空比：75%
  70   2                      T4ADRH = PWM_REVERSE - 0x02;// duty High
  71   2              }
  72   1              else if (AtomizationMode1 == ATOMIZATION_ONE)
  73   1              {
  74   2                      T4ADRL = PWM_REVERSE - 0xF3;// duty Low   占空比：50%
  75   2                      T4ADRH = PWM_REVERSE - 0x01;// duty High
  76   2              }
  77   1              MOTOR(AtomizationMode1);//风扇停或者开看Atomization的枚举值
  78   1              
  79   1      }
  80          
  81          
  82          


MODULE INFORMATION:   STATIC OVERLAYABLE
   CODE SIZE        =    116    ----
   CONSTANT SIZE    =   ----    ----
   XDATA SIZE       =   ----    ----
   PDATA SIZE       =   ----    ----
   DATA SIZE        =   ----    ----
   IDATA SIZE       =   ----    ----
   BIT SIZE         =   ----    ----
END OF MODULE INFORMATION.


C51 COMPILATION COMPLETE.  0 WARNING(S),  0 ERROR(S)
