C51 COMPILER V9.00   PWM_NEBULIZATION                                                      08/08/2018 14:25:46 PAGE 1   


C51 COMPILER V9.00, COMPILATION OF MODULE PWM_NEBULIZATION
OBJECT MODULE PLACED IN .\Objects\PWM_Nebulization.obj
COMPILER INVOKED BY: D:\ProgramFiles\Keil_v5\C51\BIN\C51.EXE source\PWM_Nebulization.c LARGE OPTIMIZE(8,SPEED) BROWSE IN
                    -CDIR(.\include) DEBUG OBJECTEXTEND PRINT(.\Listings\PWM_Nebulization.lst) OBJECT(.\Objects\PWM_Nebulization.obj)

line level    source

   1          #include "app_main.h"
*** WARNING C318 IN LINE 25 OF .\INCLUDE\APP_MAIN.H: can't open file 'PWM.h'
   2          
   3          
   4          
   5          
   6          
   7          
   8          


MODULE INFORMATION:   STATIC OVERLAYABLE
   CODE SIZE        =   ----    ----
   CONSTANT SIZE    =   ----    ----
   XDATA SIZE       =   ----    ----
   PDATA SIZE       =   ----    ----
   DATA SIZE        =   ----    ----
   IDATA SIZE       =   ----    ----
   BIT SIZE         =   ----    ----
END OF MODULE INFORMATION.


C51 COMPILATION COMPLETE.  1 WARNING(S),  0 ERROR(S)
